[0m21:56:27.932084 [debug] [MainThread]: Sending event: {'category': 'dbt', 'action': 'invocation', 'label': 'start', 'context': [<snowplow_tracker.self_describing_json.SelfDescribingJson object at 0x10507ab40>, <snowplow_tracker.self_describing_json.SelfDescribingJson object at 0x105ecdcd0>, <snowplow_tracker.self_describing_json.SelfDescribingJson object at 0x105ecda90>]}


============================== 21:56:27.933771 | 3daecbac-cc47-4b87-b944-5872b670545e ==============================
[0m21:56:27.933771 [info ] [MainThread]: Running with dbt=1.8.2
[0m21:56:27.933998 [debug] [MainThread]: running dbt with arguments {'printer_width': '80', 'indirect_selection': 'eager', 'log_cache_events': 'False', 'write_json': 'True', 'partial_parse': 'True', 'cache_selected_only': 'False', 'warn_error': 'None', 'fail_fast': 'False', 'profiles_dir': '/Users/mathewroy/.dbt', 'log_path': 'logs', 'version_check': 'True', 'debug': 'False', 'use_colors': 'True', 'use_experimental_parser': 'False', 'no_print': 'None', 'quiet': 'False', 'log_format': 'default', 'introspect': 'True', 'warn_error_options': 'WarnErrorOptions(include=[], exclude=[])', 'invocation_command': 'dbt init customers', 'target_path': 'None', 'static_parser': 'True', 'send_anonymous_usage_stats': 'True'}
[0m21:56:27.937577 [warn ] [MainThread]: [ConfigFolderDirectory]: Unable to parse dict {'dir': PosixPath('/Users/mathewroy/.dbt')}
[0m21:56:27.937769 [info ] [MainThread]: Creating dbt configuration folder at 
[0m21:56:27.938309 [debug] [MainThread]: Starter project path: /Users/mathewroy/play/dbtpgA/.venv/lib/python3.12/site-packages/dbt/include/starter_project
[0m21:56:27.940384 [info ] [MainThread]: 
Your new dbt project "customers" was created!

For more information on how to configure the profiles.yml file,
please consult the dbt documentation here:

  https://docs.getdbt.com/docs/configure-your-profile

One more thing:

Need help? Don't hesitate to reach out to us via GitHub issues or on Slack:

  https://community.getdbt.com/

Happy modeling!

[0m21:56:27.940499 [info ] [MainThread]: Setting up your profile.
[0m21:57:45.747249 [info ] [MainThread]: Profile customers written to /Users/mathewroy/.dbt/profiles.yml using target's profile_template.yml and your supplied values. Run 'dbt debug' to validate the connection.
[0m21:57:45.753746 [debug] [MainThread]: Resource report: {"command_name": "init", "command_success": true, "command_wall_clock_time": 77.8465, "process_user_time": 0.470092, "process_kernel_time": 0.064644, "process_mem_max_rss": "94617600", "process_in_blocks": "0", "process_out_blocks": "0"}
[0m21:57:45.754970 [debug] [MainThread]: Command `dbt init` succeeded at 21:57:45.754813 after 77.85 seconds
[0m21:57:45.755442 [debug] [MainThread]: Sending event: {'category': 'dbt', 'action': 'invocation', 'label': 'end', 'context': [<snowplow_tracker.self_describing_json.SelfDescribingJson object at 0x105a6ef00>, <snowplow_tracker.self_describing_json.SelfDescribingJson object at 0x105c29d30>, <snowplow_tracker.self_describing_json.SelfDescribingJson object at 0x1042c91c0>]}
[0m21:57:45.755990 [debug] [MainThread]: Flushing usage events
